TN:
SF:dataHandler.js
FN:4,(anonymous_0)
FN:6,(anonymous_1)
FN:11,(anonymous_2)
FN:16,getDetailById
FN:19,(anonymous_4)
FN:25,(anonymous_5)
FN:47,createData
FN:49,(anonymous_7)
FN:56,(anonymous_8)
FN:62,(anonymous_9)
FN:66,(anonymous_10)
FN:71,getDetailByQuery
FN:74,(anonymous_12)
FN:80,(anonymous_13)
FN:84,(anonymous_14)
FN:93,(anonymous_15)
FN:98,deleteById
FN:100,(anonymous_17)
FN:102,(anonymous_18)
FN:104,(anonymous_19)
FN:109,(anonymous_20)
FN:114,(anonymous_21)
FNF:22
FNH:12
FNDA:2,(anonymous_0)
FNDA:1,(anonymous_1)
FNDA:0,(anonymous_2)
FNDA:1,getDetailById
FNDA:1,(anonymous_4)
FNDA:40,(anonymous_5)
FNDA:1,createData
FNDA:1,(anonymous_7)
FNDA:1,(anonymous_8)
FNDA:0,(anonymous_9)
FNDA:0,(anonymous_10)
FNDA:0,getDetailByQuery
FNDA:0,(anonymous_12)
FNDA:0,(anonymous_13)
FNDA:0,(anonymous_14)
FNDA:0,(anonymous_15)
FNDA:1,deleteById
FNDA:1,(anonymous_17)
FNDA:40,(anonymous_18)
FNDA:1,(anonymous_19)
FNDA:0,(anonymous_20)
FNDA:0,(anonymous_21)
DA:1,4
DA:2,4
DA:4,4
DA:5,2
DA:7,1
DA:9,1
DA:12,0
DA:16,4
DA:18,1
DA:20,1
DA:23,1
DA:24,1
DA:25,1
DA:26,40
DA:28,1
DA:30,40
DA:33,1
DA:34,0
DA:39,0
DA:42,1
DA:47,4
DA:48,1
DA:50,1
DA:51,1
DA:52,1
DA:55,1
DA:57,1
DA:60,1
DA:63,0
DA:67,0
DA:72,0
DA:73,0
DA:75,0
DA:79,0
DA:82,0
DA:83,0
DA:84,0
DA:85,0
DA:91,0
DA:94,0
DA:98,4
DA:99,1
DA:101,1
DA:102,40
DA:103,1
DA:105,1
DA:110,0
DA:111,0
DA:115,0
DA:116,0
DA:120,4
LF:51
LH:32
BRDA:26,0,0,1
BRDA:26,0,1,39
BRDA:33,1,0,0
BRDA:33,1,1,1
BRDA:33,2,0,1
BRDA:33,2,1,0
BRDA:85,3,0,0
BRDA:85,3,1,0
BRDA:85,3,2,0
BRDA:85,3,3,0
BRF:10
BRH:4
end_of_record
TN:
SF:handler.js
FN:4,(anonymous_0)
FN:8,(anonymous_1)
FN:12,(anonymous_2)
FN:17,getAll
FN:19,(anonymous_4)
FN:22,(anonymous_5)
FN:27,createData
FN:36,(anonymous_7)
FN:42,getDetailById
FN:46,(anonymous_9)
FN:56,(anonymous_10)
FN:61,(anonymous_11)
FN:64,(anonymous_12)
FN:69,(anonymous_13)
FNF:14
FNH:8
FNDA:0,(anonymous_0)
FNDA:0,(anonymous_1)
FNDA:0,(anonymous_2)
FNDA:2,getAll
FNDA:1,(anonymous_4)
FNDA:0,(anonymous_5)
FNDA:1,createData
FNDA:1,(anonymous_7)
FNDA:1,getDetailById
FNDA:1,(anonymous_9)
FNDA:0,(anonymous_10)
FNDA:1,(anonymous_11)
FNDA:1,(anonymous_12)
FNDA:0,(anonymous_13)
DA:1,3
DA:4,3
DA:5,0
DA:6,0
DA:9,0
DA:13,0
DA:17,3
DA:18,2
DA:21,1
DA:23,0
DA:27,3
DA:28,1
DA:35,1
DA:37,1
DA:38,1
DA:42,3
DA:44,1
DA:47,1
DA:48,0
DA:51,1
DA:57,0
DA:61,3
DA:62,1
DA:65,1
DA:66,1
DA:70,0
DA:74,3
LF:27
LH:19
BRDA:47,0,0,0
BRDA:47,0,1,1
BRF:2
BRH:1
end_of_record
TN:
SF:index.js
FN:13,(anonymous_0)
FN:19,(anonymous_1)
FN:25,(anonymous_2)
FNF:3
FNH:3
FNDA:1,(anonymous_0)
FNDA:1,(anonymous_1)
FNDA:1,(anonymous_2)
DA:1,2
DA:2,2
DA:3,2
DA:6,2
DA:8,2
DA:9,2
DA:11,2
DA:13,2
DA:14,1
DA:19,2
DA:20,1
DA:25,2
DA:26,1
DA:29,2
LF:14
LH:14
BRF:0
BRH:0
end_of_record
TN:
SF:routers.js
FN:8,logging
FNF:1
FNH:1
FNDA:4,logging
DA:1,2
DA:2,2
DA:6,2
DA:8,2
DA:9,4
DA:10,4
DA:11,4
DA:12,4
DA:13,4
DA:14,4
DA:17,2
DA:18,2
DA:19,2
DA:20,2
DA:21,2
DA:24,2
LF:16
LH:16
BRF:0
BRH:0
end_of_record
